Arguments: 
  D:\Node\node.exe D:\Node\node-global\node_modules\yarn\bin\yarn.js

PATH: 
  D:\git\git-up\my-first-vue\实训学习\vue_cli\node_modules\.bin;D:\git\git-up\my-first-vue\实训学习\node_modules\.bin;D:\git\git-up\my-first-vue\node_modules\.bin;D:\git\git-up\node_modules\.bin;D:\git\node_modules\.bin;D:\node_modules\.bin;D:\Node;D:\VMware Workstation 1516\bin\;D:\orcle\date2\bin;D:\Date2\bin;D:\jdk1.8\jre\bin;D:\jdk1.8\bin;D:\jdk1.7\jdk1.7.0_01\jre\bin;D:\jdk1.7\jdk1.7.0_01\bin;C:\Windows\system32;C:\Windows;C:\Windows\System32\Wbem;C:\Windows\System32\WindowsPowerShell\v1.0\;C:\Windows\System32\OpenSSH\;C:\Program Files (x86)\NVIDIA Corporation\PhysX\Common;C:\Program Files\NVIDIA Corporation\NVIDIA NvDLISR;D:\jdk1.8\bin;D:\jdk1.8\jre\bin;C:\WINDOWS\system32;C:\WINDOWS;C:\WINDOWS\System32\Wbem;C:\WINDOWS\System32\WindowsPowerShell\v1.0\;C:\WINDOWS\System32\OpenSSH\;C:\Program Files\MySQL\MySQL Server 5.7\bin;D:\RationalRose\common;D:\MYSQL 5.5.56\bin;C:\Program Files\MySQL\MySQL Server 5.5\bin;C:\Program Files\Common Files\Autodesk Shared\;C:\Program Files\Microsoft SQL Server\120\Tools\Binn\;D:\Xshell\;D:\maven\apache-maven-3.6.0\bin;D:\Node\;D:\git\Git\cmd;C:\Users\wwwch\AppData\Local\Programs\Python\Python38-32\Scripts\;C:\Users\wwwch\AppData\Local\Programs\Python\Python38-32\;D:\JDK13;C:\Users\wwwch\AppData\Local\Microsoft\WindowsApps;D:\webstorm\webstormdatebase\WebStorm 183.4588.47\bin;D:\Node\node-global;D:\vscode\Microsoft VS Code\bin

Yarn version: 
  1.22.19

Node version: 
  16.14.2

Platform: 
  win32 x64

Trace: 
  Error: %27https://registry.npm.taobao.org%27/@vue%2fcli-plugin-babel: Invalid URI "%27https://registry.npm.taobao.org%27/@vue%2fcli-plugin-babel"
      at Request.module.exports.Request.init (D:\Node\node-global\node_modules\yarn\lib\cli.js:140978:31)
      at new Request (D:\Node\node-global\node_modules\yarn\lib\cli.js:140832:8)
      at request (D:\Node\node-global\node_modules\yarn\lib\cli.js:137738:10)
      at RequestManager.execute (D:\Node\node-global\node_modules\yarn\lib\cli.js:66197:15)
      at RequestManager.shiftQueue (D:\Node\node-global\node_modules\yarn\lib\cli.js:66235:10)
      at D:\Node\node-global\node_modules\yarn\lib\cli.js:65905:13
      at new Promise (<anonymous>)
      at new F (D:\Node\node-global\node_modules\yarn\lib\cli.js:5305:28)
      at RequestManager.request (D:\Node\node-global\node_modules\yarn\lib\cli.js:65903:19)
      at NpmRegistry.<anonymous> (D:\Node\node-global\node_modules\yarn\lib\cli.js:31751:42)

npm manifest: 
  {
    "name": "vue_cli",
    "version": "0.1.0",
    "private": true,
    "devDependencies": {
      "@vue/cli-plugin-babel": "~5.0.0",
      "@vue/cli-plugin-eslint": "~5.0.0",
      "@vue/cli-service": "~5.0.0"
    }
  }

yarn manifest: 
  No manifest

Lockfile: 
  No lockfile
